[2026-02-26 00:31:10] local.ERROR: Unclosed '{' on line 8 does not match ']' {"exception":"[object] (ParseError(code: 0): Unclosed '{' on line 8 does not match ']' at C:\\Users\\User\\OneDrive\\Dokumentumok\\GitHub\\TaskManagerBackEnd\\app\\Http\\Kernel.php:49)
[stacktrace]
#0 C:\\Users\\User\\OneDrive\\Dokumentumok\\GitHub\\TaskManagerBackEnd\\vendor\\composer\\ClassLoader.php(427): Composer\\Autoload\\{closure}('C:\\\\Users\\\\User\\\\O...')
#1 [internal function]: Composer\\Autoload\\ClassLoader->loadClass('App\\\\Http\\\\Kernel')
#2 C:\\Users\\User\\OneDrive\\Dokumentumok\\GitHub\\TaskManagerBackEnd\\vendor\\laravel\\framework\\src\\Illuminate\\Container\\Container.php(959): ReflectionClass->__construct('App\\\\Http\\\\Kernel')
#3 C:\\Users\\User\\OneDrive\\Dokumentumok\\GitHub\\TaskManagerBackEnd\\vendor\\laravel\\framework\\src\\Illuminate\\Container\\Container.php(832): Illuminate\\Container\\Container->build('App\\\\Http\\\\Kernel')
#4 C:\\Users\\User\\OneDrive\\Dokumentumok\\GitHub\\TaskManagerBackEnd\\vendor\\laravel\\framework\\src\\Illuminate\\Foundation\\Application.php(1078): Illuminate\\Container\\Container->resolve('App\\\\Http\\\\Kernel', Array, false)
#5 C:\\Users\\User\\OneDrive\\Dokumentumok\\GitHub\\TaskManagerBackEnd\\vendor\\laravel\\framework\\src\\Illuminate\\Container\\Container.php(324): Illuminate\\Foundation\\Application->resolve('App\\\\Http\\\\Kernel', Array, false)
#6 C:\\Users\\User\\OneDrive\\Dokumentumok\\GitHub\\TaskManagerBackEnd\\vendor\\laravel\\framework\\src\\Illuminate\\Container\\Container.php(952): Illuminate\\Container\\Container->Illuminate\\Container\\{closure}(Object(Illuminate\\Foundation\\Application), Array)
#7 C:\\Users\\User\\OneDrive\\Dokumentumok\\GitHub\\TaskManagerBackEnd\\vendor\\laravel\\framework\\src\\Illuminate\\Container\\Container.php(832): Illuminate\\Container\\Container->build(Object(Closure))
#8 C:\\Users\\User\\OneDrive\\Dokumentumok\\GitHub\\TaskManagerBackEnd\\vendor\\laravel\\framework\\src\\Illuminate\\Foundation\\Application.php(1078): Illuminate\\Container\\Container->resolve('Illuminate\\\\Cont...', Array, true)
#9 C:\\Users\\User\\OneDrive\\Dokumentumok\\GitHub\\TaskManagerBackEnd\\vendor\\laravel\\framework\\src\\Illuminate\\Container\\Container.php(763): Illuminate\\Foundation\\Application->resolve('Illuminate\\\\Cont...', Array)
#10 C:\\Users\\User\\OneDrive\\Dokumentumok\\GitHub\\TaskManagerBackEnd\\vendor\\laravel\\framework\\src\\Illuminate\\Foundation\\Application.php(1058): Illuminate\\Container\\Container->make('Illuminate\\\\Cont...', Array)
#11 C:\\Users\\User\\OneDrive\\Dokumentumok\\GitHub\\TaskManagerBackEnd\\vendor\\laravel\\sanctum\\src\\SanctumServiceProvider.php(119): Illuminate\\Foundation\\Application->make('Illuminate\\\\Cont...')
#12 C:\\Users\\User\\OneDrive\\Dokumentumok\\GitHub\\TaskManagerBackEnd\\vendor\\laravel\\sanctum\\src\\SanctumServiceProvider.php(58): Laravel\\Sanctum\\SanctumServiceProvider->configureMiddleware()
#13 C:\\Users\\User\\OneDrive\\Dokumentumok\\GitHub\\TaskManagerBackEnd\\vendor\\laravel\\framework\\src\\Illuminate\\Container\\BoundMethod.php(36): Laravel\\Sanctum\\SanctumServiceProvider->boot()
#14 C:\\Users\\User\\OneDrive\\Dokumentumok\\GitHub\\TaskManagerBackEnd\\vendor\\laravel\\framework\\src\\Illuminate\\Container\\Util.php(43): Illuminate\\Container\\BoundMethod::Illuminate\\Container\\{closure}()
#15 C:\\Users\\User\\OneDrive\\Dokumentumok\\GitHub\\TaskManagerBackEnd\\vendor\\laravel\\framework\\src\\Illuminate\\Container\\BoundMethod.php(95): Illuminate\\Container\\Util::unwrapIfClosure(Object(Closure))
#16 C:\\Users\\User\\OneDrive\\Dokumentumok\\GitHub\\TaskManagerBackEnd\\vendor\\laravel\\framework\\src\\Illuminate\\Container\\BoundMethod.php(35): Illuminate\\Container\\BoundMethod::callBoundMethod(Object(Illuminate\\Foundation\\Application), Array, Object(Closure))
#17 C:\\Users\\User\\OneDrive\\Dokumentumok\\GitHub\\TaskManagerBackEnd\\vendor\\laravel\\framework\\src\\Illuminate\\Container\\Container.php(696): Illuminate\\Container\\BoundMethod::call(Object(Illuminate\\Foundation\\Application), Array, Array, NULL)
#18 C:\\Users\\User\\OneDrive\\Dokumentumok\\GitHub\\TaskManagerBackEnd\\vendor\\laravel\\framework\\src\\Illuminate\\Foundation\\Application.php(1151): Illuminate\\Container\\Container->call(Array)
#19 C:\\Users\\User\\OneDrive\\Dokumentumok\\GitHub\\TaskManagerBackEnd\\vendor\\laravel\\framework\\src\\Illuminate\\Foundation\\Application.php(1132): Illuminate\\Foundation\\Application->bootProvider(Object(Laravel\\Sanctum\\SanctumServiceProvider))
#20 [internal function]: Illuminate\\Foundation\\Application->Illuminate\\Foundation\\{closure}(Object(Laravel\\Sanctum\\SanctumServiceProvider), 'Laravel\\\\Sanctum...')
#21 C:\\Users\\User\\OneDrive\\Dokumentumok\\GitHub\\TaskManagerBackEnd\\vendor\\laravel\\framework\\src\\Illuminate\\Foundation\\Application.php(1131): array_walk(Array, Object(Closure))
#22 C:\\Users\\User\\OneDrive\\Dokumentumok\\GitHub\\TaskManagerBackEnd\\vendor\\laravel\\framework\\src\\Illuminate\\Foundation\\Bootstrap\\BootProviders.php(17): Illuminate\\Foundation\\Application->boot()
#23 C:\\Users\\User\\OneDrive\\Dokumentumok\\GitHub\\TaskManagerBackEnd\\vendor\\laravel\\framework\\src\\Illuminate\\Foundation\\Application.php(342): Illuminate\\Foundation\\Bootstrap\\BootProviders->bootstrap(Object(Illuminate\\Foundation\\Application))
#24 C:\\Users\\User\\OneDrive\\Dokumentumok\\GitHub\\TaskManagerBackEnd\\vendor\\laravel\\framework\\src\\Illuminate\\Foundation\\Console\\Kernel.php(474): Illuminate\\Foundation\\Application->bootstrapWith(Array)
#25 C:\\Users\\User\\OneDrive\\Dokumentumok\\GitHub\\TaskManagerBackEnd\\vendor\\laravel\\framework\\src\\Illuminate\\Foundation\\Console\\Kernel.php(196): Illuminate\\Foundation\\Console\\Kernel->bootstrap()
#26 Command line code(1): Illuminate\\Foundation\\Console\\Kernel->handle(Object(Symfony\\Component\\Console\\Input\\ArgvInput), Object(Symfony\\Component\\Console\\Output\\ConsoleOutput))
#27 {main}
"} 
